<?xml version="1.0" encoding="UTF-8"?>
<testng-results ignored="0" total="1" passed="1" failed="0" skipped="0">
  <reporter-output>
  </reporter-output>
  <suite started-at="2023-11-29T16:03:41 IST" name="Default suite" finished-at="2023-11-29T16:03:41 IST" duration-ms="114">
    <groups>
    </groups>
    <test started-at="2023-11-29T16:03:41 IST" name="Default test" finished-at="2023-11-29T16:03:41 IST" duration-ms="114">
      <class name="sample.demotest">
        <test-method signature="demopracticeTest()[pri:0, instance:sample.demotest@74f0ea28]" started-at="2023-11-29T16:03:41 IST" name="demopracticeTest" finished-at="2023-11-29T16:03:41 IST" duration-ms="13" status="PASS">
          <reporter-output>
          </reporter-output>
        </test-method> <!-- demopracticeTest -->
      </class> <!-- sample.demotest -->
    </test> <!-- Default test -->
  </suite> <!-- Default suite -->
</testng-results>
